[22:17:58] [Client thread/INFO]: Setting user: hdk_crafter
[22:18:03] [Client thread/INFO]: LWJGL Version: 2.9.4
[22:18:07] [Client thread/INFO]: Reloading ResourceManager: Default, FMLFileResourcePack:Forge Mod Loader, FMLFileResourcePack:Minecraft Forge, FMLFileResourcePack:気まぐれMod
[22:18:08] [Sound Library Loader/INFO]: Starting up SoundSystem...
[22:18:09] [Thread-7/INFO]: Initializing LWJGL OpenAL
[22:18:09] [Thread-7/INFO]: (The LWJGL binding of OpenAL.  For more information, see http://www.lwjgl.org)
[22:18:09] [Thread-7/INFO]: OpenAL initialized.
[22:18:09] [Sound Library Loader/INFO]: Sound engine started
[22:18:11] [Client thread/INFO]: Created: 16x16 textures-atlas
[22:18:12] [Client thread/INFO]: Reloading ResourceManager: Default, FMLFileResourcePack:Forge Mod Loader, FMLFileResourcePack:Minecraft Forge, FMLFileResourcePack:気まぐれMod
[22:18:14] [Client thread/INFO]: SoundSystem shutting down...
[22:18:14] [Client thread/WARN]: Author: Paul Lamb, www.paulscode.com
[22:18:14] [Sound Library Loader/INFO]: Starting up SoundSystem...
[22:18:15] [Thread-9/INFO]: Initializing LWJGL OpenAL
[22:18:15] [Thread-9/INFO]: (The LWJGL binding of OpenAL.  For more information, see http://www.lwjgl.org)
[22:18:15] [Thread-9/INFO]: OpenAL initialized.
[22:18:15] [Sound Library Loader/INFO]: Sound engine started
[22:18:16] [Client thread/INFO]: Created: 512x512 textures-atlas
[22:18:19] [Realms Notification Availability checker #1/INFO]: Could not authorize you against Realms server: Invalid session id
[22:18:27] [Client thread/INFO]: Stopping!
[22:18:27] [Client thread/INFO]: SoundSystem shutting down...
[22:18:27] [Client thread/WARN]: Author: Paul Lamb, www.paulscode.com
